[20251128_043035]index:0;amount:42;created
[20251128_043035]index:1;amount:54;created
[20251128_043035]index:2;amount:957;created
[20251128_043035]index:3;amount:432;created
[20251128_043035]index:4;amount:1234;created
[20251128_043035]index:5;amount:0;created
[20251128_043035]index:6;amount:754;created
[20251128_043035]index:7;amount:16576;created
[20251128_043035]accounts:8;total:20049;deposits:0;withdrawals:0
[20251128_043035]index:0;amount:42;deposit:0;withdrawals:0
[20251128_043035]index:1;amount:54;deposit:0;withdrawals:0
[20251128_043035]index:2;amount:957;deposit:0;withdrawals:0
[20251128_043035]index:3;amount:432;deposit:0;withdrawals:0
[20251128_043035]index:4;amount:1234;deposit:0;withdrawals:0
[20251128_043035]index:5;amount:0;deposit:0;withdrawals:0
[20251128_043035]index:6;amount:754;deposit:0;withdrawals:0
[20251128_043035]index:7;amount:16576;deposit:0;withdrawals:0
[20251128_043035]index:0;p_amount:42;deposit:5;amount:47;nb_deposits1
[20251128_043035]index:1;p_amount:54;deposit:765;amount:819;nb_deposits1
[20251128_043035]index:2;p_amount:957;deposit:564;amount:1521;nb_deposits1
[20251128_043035]index:3;p_amount:432;deposit:2;amount:434;nb_deposits1
[20251128_043035]index:4;p_amount:1234;deposit:87;amount:1321;nb_deposits1
[20251128_043035]index:5;p_amount:0;deposit:23;amount:23;nb_deposits1
[20251128_043035]index:6;p_amount:754;deposit:9;amount:763;nb_deposits1
[20251128_043035]index:7;p_amount:16576;deposit:20;amount:16596;nb_deposits1
[20251128_043035]accounts:8;total:21524;deposits:8;withdrawals:0
[20251128_043035]index:0;amount:47;deposit:1;withdrawals:0
[20251128_043035]index:1;amount:819;deposit:1;withdrawals:0
[20251128_043035]index:2;amount:1521;deposit:1;withdrawals:0
[20251128_043035]index:3;amount:434;deposit:1;withdrawals:0
[20251128_043035]index:4;amount:1321;deposit:1;withdrawals:0
[20251128_043035]index:5;amount:23;deposit:1;withdrawals:0
[20251128_043035]index:6;amount:763;deposit:1;withdrawals:0
[20251128_043035]index:7;amount:16596;deposit:1;withdrawals:0
[20251128_043035]index:0;p_amount:47;withdrawal:refused
[20251128_043035]index:1;p_amount:819;withdrawal:34;amount:785;nb_withdrawals:1
[20251128_043035]index:2;p_amount:1521;withdrawal:657;amount:864;nb_withdrawals:1
[20251128_043035]index:3;p_amount:434;withdrawal:4;amount:430;nb_withdrawals:1
[20251128_043035]index:4;p_amount:1321;withdrawal:76;amount:1245;nb_withdrawals:1
[20251128_043035]index:5;p_amount:23;withdrawal:refused
[20251128_043035]index:6;p_amount:763;withdrawal:657;amount:106;nb_withdrawals:1
[20251128_043035]index:7;p_amount:16596;withdrawal:7654;amount:8942;nb_withdrawals:1
[20251128_043035]accounts:8;total:12442;deposits:8;withdrawals:6
[20251128_043035]index:0;amount:47;deposit:1;withdrawals:0
[20251128_043035]index:1;amount:785;deposit:1;withdrawals:1
[20251128_043035]index:2;amount:864;deposit:1;withdrawals:1
[20251128_043035]index:3;amount:430;deposit:1;withdrawals:1
[20251128_043035]index:4;amount:1245;deposit:1;withdrawals:1
[20251128_043035]index:5;amount:23;deposit:1;withdrawals:0
[20251128_043035]index:6;amount:106;deposit:1;withdrawals:1
[20251128_043035]index:7;amount:8942;deposit:1;withdrawals:1
[20251128_043035]index:0;amount:47;closed
[20251128_043035]index:1;amount:785;closed
[20251128_043035]index:2;amount:864;closed
[20251128_043035]index:3;amount:430;closed
[20251128_043035]index:4;amount:1245;closed
[20251128_043035]index:5;amount:23;closed
[20251128_043035]index:6;amount:106;closed
[20251128_043035]index:7;amount:8942;closed
